Internal Server Error: /profiles/
Traceback (most recent call last):
  File "C:\Users\anton\AppData\Local\Packages\PythonSoftwareFoundation.Python.3.12_qbz5n2kfra8p0\LocalCache\local-packages\Python312\site-packages\django\core\handlers\exception.py", line 47, in inner
    response = get_response(request)
               ^^^^^^^^^^^^^^^^^^^^^
  File "C:\Users\anton\AppData\Local\Packages\PythonSoftwareFoundation.Python.3.12_qbz5n2kfra8p0\LocalCache\local-packages\Python312\site-packages\django\core\handlers\base.py", line 181, in _get_response
    response = wrapped_callback(request, *callback_args, **callback_kwargs)
               ^^^^^^^^^^^^^^^^^^^^^^^^^^^^^^^^^^^^^^^^^^^^^^^^^^^^^^^^^^^^
  File "C:\Users\anton\AppData\Local\Packages\PythonSoftwareFoundation.Python.3.12_qbz5n2kfra8p0\LocalCache\local-packages\Python312\site-packages\sentry_sdk\integrations\django\views.py", line 94, in sentry_wrapped_callback
    return callback(request, *args, **kwargs)
           ^^^^^^^^^^^^^^^^^^^^^^^^^^^^^^^^^^
  File "C:\Users\anton\Desktop\OpenClassRoom\P13 - Python Lettings\Python-OC-Lettings-FR-fork-2\profiles\views.py", line 13, in index
    return render(request, 'profiles/index.html', {'profiles_list': profiles_list})
           ^^^^^^^^^^^^^^^^^^^^^^^^^^^^^^^^^^^^^^^^^^^^^^^^^^^^^^^^^^^^^^^^^^^^^^^^
  File "C:\Users\anton\AppData\Local\Packages\PythonSoftwareFoundation.Python.3.12_qbz5n2kfra8p0\LocalCache\local-packages\Python312\site-packages\sentry_sdk\utils.py", line 1783, in runner
    return sentry_patched_function(*args, **kwargs)
           ^^^^^^^^^^^^^^^^^^^^^^^^^^^^^^^^^^^^^^^^
  File "C:\Users\anton\AppData\Local\Packages\PythonSoftwareFoundation.Python.3.12_qbz5n2kfra8p0\LocalCache\local-packages\Python312\site-packages\sentry_sdk\integrations\django\templates.py", line 105, in render
    return real_render(request, template_name, context, *args, **kwargs)
           ^^^^^^^^^^^^^^^^^^^^^^^^^^^^^^^^^^^^^^^^^^^^^^^^^^^^^^^^^^^^^
  File "C:\Users\anton\AppData\Local\Packages\PythonSoftwareFoundation.Python.3.12_qbz5n2kfra8p0\LocalCache\local-packages\Python312\site-packages\django\shortcuts.py", line 19, in render
    content = loader.render_to_string(template_name, context, request, using=using)
              ^^^^^^^^^^^^^^^^^^^^^^^^^^^^^^^^^^^^^^^^^^^^^^^^^^^^^^^^^^^^^^^^^^^^^
  File "C:\Users\anton\AppData\Local\Packages\PythonSoftwareFoundation.Python.3.12_qbz5n2kfra8p0\LocalCache\local-packages\Python312\site-packages\django\template\loader.py", line 61, in render_to_string
    template = get_template(template_name, using=using)
               ^^^^^^^^^^^^^^^^^^^^^^^^^^^^^^^^^^^^^^^^
  File "C:\Users\anton\AppData\Local\Packages\PythonSoftwareFoundation.Python.3.12_qbz5n2kfra8p0\LocalCache\local-packages\Python312\site-packages\django\template\loader.py", line 19, in get_template
    raise TemplateDoesNotExist(template_name, chain=chain)
django.template.exceptions.TemplateDoesNotExist: profiles/index.html
"GET /profiles/ HTTP/1.1" 500 102923
Internal Server Error: /test-error/
"GET /test-error/ HTTP/1.1" 500 38
Not Found: /error/
"GET /error/ HTTP/1.1" 404 3401

Not Found: /static/assets/img/logo.png
Not Found: /error/
"GET /error/ HTTP/1.1" 404 3401
Not Found: /static/assets/img/logo.png
Not Found: /lettings/999/
Not Found: /lettings/999/
Not Found: /profiles/unknown/
Not Found: /lettings/999/
Not Found: /profiles/unknown/
Not Found: /lettings/999/
Not Found: /profiles/unknown/
Not Found: /lettings/999/
Not Found: /profiles/unknown/
Not Found: /static/js/scripts.js
Not Found: /static/css/styles.css
"GET /static/js/scripts.js HTTP/1.1" 404 3401
"GET /static/css/styles.css HTTP/1.1" 404 3401
Not Found: /static/assets/img/logo.png
"GET /static/assets/img/logo.png HTTP/1.1" 404 3401
Not Found: /static/js/scripts.js
"GET /static/js/scripts.js HTTP/1.1" 404 3401
Not Found: /lettings/9999/
"GET /lettings/9999/ HTTP/1.1" 404 2478
Not Found: /favicon.ico
Not Found: /lettings/9999/
"GET /lettings/9999/ HTTP/1.1" 404 3401
Not Found: /static/assets/img/logo.png
Not Found: /lettings/9999/
"GET /lettings/9999/ HTTP/1.1" 404 3401
Not Found: /static/assets/img/logo.png
Not Found: /static/assets/img/logo.png
Not Found: /lettings/999/
Not Found: /profiles/unknown/
Not Found: /lettings/999/
Not Found: /profiles/unknown/
Not Found: /lettings/999/
Not Found: /profiles/unknown/
Not Found: /static/css/styles.css
"GET /static/css/styles.css HTTP/1.1" 404 3401
Not Found: /static/js/scripts.js
Not Found: /static/assets/img/logo.png
"GET /static/js/scripts.js HTTP/1.1" 404 3401
"GET /static/assets/img/logo.png HTTP/1.1" 404 3401
Not Found: /lettings/999/
Not Found: /profiles/unknown/
Not Found: /favicon.ico
"GET /favicon.ico HTTP/1.1" 404 2452
Not Found: /lettings/999/
Not Found: /profiles/unknown/
Not Found: /lettings/999/
Not Found: /profiles/unknown/
Not Found: /lettings/999/
Not Found: /profiles/unknown/
